Processing ...
[proxy:0:0@r8n4.niserhpc.org] HYDU_create_process (../../utils/launch/launch.c:825): execvp error on file /storage/home/rabeet/work/nwc/mgbl19/nwtpss/C2H2.xyz.nw (Permission denied)
[proxy:0:0@r8n4.niserhpc.org] HYDU_create_process (../../utils/launch/launch.c:825): execvp error on file /storage/home/rabeet/work/nwc/mgbl19/nwtpss/C2H2.xyz.nw (Permission denied)
[proxy:0:0@r8n4.niserhpc.org] HYDU_create_process (../../utils/launch/launch.c:825): execvp error on file /storage/home/rabeet/work/nwc/mgbl19/nwtpss/C2H2.xyz.nw (Permission denied)
[proxy:0:0@r8n4.niserhpc.org] HYDU_create_process (../../utils/launch/launch.c:825): execvp error on file /storage/home/rabeet/work/nwc/mgbl19/nwtpss/C2H2.xyz.nw (Permission denied)
[proxy:0:0@r8n4.niserhpc.org] HYDU_create_process (../../utils/launch/launch.c:825): execvp error on file /storage/home/rabeet/work/nwc/mgbl19/nwtpss/C2H2.xyz.nw (Permission denied)
[proxy:0:0@r8n4.niserhpc.org] HYDU_create_process (../../utils/launch/launch.c:825): execvp error on file /storage/home/rabeet/work/nwc/mgbl19/nwtpss/C2H2.xyz.nw (Permission denied)
[proxy:0:0@r8n4.niserhpc.org] HYDU_create_process (../../utils/launch/launch.c:825): execvp error on file /storage/home/rabeet/work/nwc/mgbl19/nwtpss/C2H2.xyz.nw (Permission denied)
[proxy:0:0@r8n4.niserhpc.org] HYDU_create_process (../../utils/launch/launch.c:825): execvp error on file /storage/home/rabeet/work/nwc/mgbl19/nwtpss/C2H2.xyz.nw (Permission denied)
[proxy:0:0@r8n4.niserhpc.org] HYDU_create_process (../../utils/launch/launch.c:825): execvp error on file /storage/home/rabeet/work/nwc/mgbl19/nwtpss/C2H2.xyz.nw (Permission denied)
[proxy:0:0@r8n4.niserhpc.org] HYDU_create_process (../../utils/launch/launch.c:825): execvp error on file /storage/home/rabeet/work/nwc/mgbl19/nwtpss/C2H2.xyz.nw (Permission denied)
[proxy:0:0@r8n4.niserhpc.org] HYDU_create_process (../../utils/launch/launch.c:825): execvp error on file /storage/home/rabeet/work/nwc/mgbl19/nwtpss/C2H2.xyz.nw (Permission denied)
[proxy:0:0@r8n4.niserhpc.org] HYDU_create_process (../../utils/launch/launch.c:825): execvp error on file /storage/home/rabeet/work/nwc/mgbl19/nwtpss/C2H2.xyz.nw (Permission denied)
[proxy:0:0@r8n4.niserhpc.org] HYDU_create_process (../../utils/launch/launch.c:825): execvp error on file /storage/home/rabeet/work/nwc/mgbl19/nwtpss/C2H2.xyz.nw (Permission denied)
[proxy:0:0@r8n4.niserhpc.org] HYDU_create_process (../../utils/launch/launch.c:825): execvp error on file /storage/home/rabeet/work/nwc/mgbl19/nwtpss/C2H2.xyz.nw (Permission denied)
[proxy:0:0@r8n4.niserhpc.org] HYDU_create_process (../../utils/launch/launch.c:825): execvp error on file /storage/home/rabeet/work/nwc/mgbl19/nwtpss/C2H2.xyz.nw (Permission denied)
[proxy:0:0@r8n4.niserhpc.org] HYDU_create_process (../../utils/launch/launch.c:825): execvp error on file /storage/home/rabeet/work/nwc/mgbl19/nwtpss/C2H2.xyz.nw (Permission denied)
[proxy:0:0@r8n4.niserhpc.org] HYDU_create_process (../../utils/launch/launch.c:825): execvp error on file /storage/home/rabeet/work/nwc/mgbl19/nwtpss/CH4.xyz.nw (Permission denied)
[proxy:0:0@r8n4.niserhpc.org] HYDU_create_process (../../utils/launch/launch.c:825): execvp error on file /storage/home/rabeet/work/nwc/mgbl19/nwtpss/CH4.xyz.nw (Permission denied)
[proxy:0:0@r8n4.niserhpc.org] HYDU_create_process (../../utils/launch/launch.c:825): execvp error on file /storage/home/rabeet/work/nwc/mgbl19/nwtpss/CH4.xyz.nw (Permission denied)
[proxy:0:0@r8n4.niserhpc.org] HYDU_create_process (../../utils/launch/launch.c:825): execvp error on file /storage/home/rabeet/work/nwc/mgbl19/nwtpss/CH4.xyz.nw (Permission denied)
[proxy:0:0@r8n4.niserhpc.org] HYDU_create_process (../../utils/launch/launch.c:825): execvp error on file /storage/home/rabeet/work/nwc/mgbl19/nwtpss/CH4.xyz.nw (Permission denied)
[proxy:0:0@r8n4.niserhpc.org] HYDU_create_process (../../utils/launch/launch.c:825): execvp error on file /storage/home/rabeet/work/nwc/mgbl19/nwtpss/CH4.xyz.nw (Permission denied)
[proxy:0:0@r8n4.niserhpc.org] HYDU_create_process (../../utils/launch/launch.c:825): execvp error on file /storage/home/rabeet/work/nwc/mgbl19/nwtpss/CH4.xyz.nw (Permission denied)
[proxy:0:0@r8n4.niserhpc.org] HYDU_create_process (../../utils/launch/launch.c:825): execvp error on file /storage/home/rabeet/work/nwc/mgbl19/nwtpss/CH4.xyz.nw (Permission denied)
[proxy:0:0@r8n4.niserhpc.org] HYDU_create_process (../../utils/launch/launch.c:825): execvp error on file /storage/home/rabeet/work/nwc/mgbl19/nwtpss/CH4.xyz.nw (Permission denied)
[proxy:0:0@r8n4.niserhpc.org] HYDU_create_process (../../utils/launch/launch.c:825): execvp error on file /storage/home/rabeet/work/nwc/mgbl19/nwtpss/CH4.xyz.nw (Permission denied)
[proxy:0:0@r8n4.niserhpc.org] HYDU_create_process (../../utils/launch/launch.c:825): execvp error on file /storage/home/rabeet/work/nwc/mgbl19/nwtpss/CH4.xyz.nw (Permission denied)
[proxy:0:0@r8n4.niserhpc.org] HYDU_create_process (../../utils/launch/launch.c:825): execvp error on file /storage/home/rabeet/work/nwc/mgbl19/nwtpss/CH4.xyz.nw (Permission denied)
[proxy:0:0@r8n4.niserhpc.org] HYDU_create_process (../../utils/launch/launch.c:825): execvp error on file /storage/home/rabeet/work/nwc/mgbl19/nwtpss/CH4.xyz.nw (Permission denied)
[proxy:0:0@r8n4.niserhpc.org] HYDU_create_process (../../utils/launch/launch.c:825): execvp error on file /storage/home/rabeet/work/nwc/mgbl19/nwtpss/CH4.xyz.nw (Permission denied)
[proxy:0:0@r8n4.niserhpc.org] HYDU_create_process (../../utils/launch/launch.c:825): execvp error on file /storage/home/rabeet/work/nwc/mgbl19/nwtpss/CH4.xyz.nw (Permission denied)
[proxy:0:0@r8n4.niserhpc.org] HYDU_create_process (../../utils/launch/launch.c:825): execvp error on file /storage/home/rabeet/work/nwc/mgbl19/nwtpss/CH4.xyz.nw (Permission denied)
[proxy:0:0@r8n4.niserhpc.org] HYDU_create_process (../../utils/launch/launch.c:825): execvp error on file /storage/home/rabeet/work/nwc/mgbl19/nwtpss/Cl2.xyz.nw (Permission denied)
[proxy:0:0@r8n4.niserhpc.org] HYDU_create_process (../../utils/launch/launch.c:825): execvp error on file /storage/home/rabeet/work/nwc/mgbl19/nwtpss/Cl2.xyz.nw (Permission denied)
[proxy:0:0@r8n4.niserhpc.org] HYDU_create_process (../../utils/launch/launch.c:825): execvp error on file /storage/home/rabeet/work/nwc/mgbl19/nwtpss/Cl2.xyz.nw (Permission denied)
[proxy:0:0@r8n4.niserhpc.org] HYDU_create_process (../../utils/launch/launch.c:825): execvp error on file /storage/home/rabeet/work/nwc/mgbl19/nwtpss/Cl2.xyz.nw (Permission denied)
[proxy:0:0@r8n4.niserhpc.org] HYDU_create_process (../../utils/launch/launch.c:825): execvp error on file /storage/home/rabeet/work/nwc/mgbl19/nwtpss/Cl2.xyz.nw (Permission denied)
[proxy:0:0@r8n4.niserhpc.org] HYDU_create_process (../../utils/launch/launch.c:825): execvp error on file /storage/home/rabeet/work/nwc/mgbl19/nwtpss/Cl2.xyz.nw (Permission denied)
[proxy:0:0@r8n4.niserhpc.org] HYDU_create_process (../../utils/launch/launch.c:825): execvp error on file /storage/home/rabeet/work/nwc/mgbl19/nwtpss/Cl2.xyz.nw (Permission denied)
[proxy:0:0@r8n4.niserhpc.org] HYDU_create_process (../../utils/launch/launch.c:825): execvp error on file /storage/home/rabeet/work/nwc/mgbl19/nwtpss/Cl2.xyz.nw (Permission denied)
[proxy:0:0@r8n4.niserhpc.org] HYDU_create_process (../../utils/launch/launch.c:825): execvp error on file /storage/home/rabeet/work/nwc/mgbl19/nwtpss/Cl2.xyz.nw (Permission denied)
[proxy:0:0@r8n4.niserhpc.org] HYDU_create_process (../../utils/launch/launch.c:825): execvp error on file /storage/home/rabeet/work/nwc/mgbl19/nwtpss/Cl2.xyz.nw (Permission denied)
[proxy:0:0@r8n4.niserhpc.org] HYDU_create_process (../../utils/launch/launch.c:825): execvp error on file /storage/home/rabeet/work/nwc/mgbl19/nwtpss/Cl2.xyz.nw (Permission denied)
[proxy:0:0@r8n4.niserhpc.org] HYDU_create_process (../../utils/launch/launch.c:825): execvp error on file /storage/home/rabeet/work/nwc/mgbl19/nwtpss/Cl2.xyz.nw (Permission denied)
[proxy:0:0@r8n4.niserhpc.org] HYDU_create_process (../../utils/launch/launch.c:825): execvp error on file /storage/home/rabeet/work/nwc/mgbl19/nwtpss/Cl2.xyz.nw (Permission denied)
[proxy:0:0@r8n4.niserhpc.org] HYDU_create_process (../../utils/launch/launch.c:825): execvp error on file /storage/home/rabeet/work/nwc/mgbl19/nwtpss/Cl2.xyz.nw (Permission denied)
[proxy:0:0@r8n4.niserhpc.org] HYDU_create_process (../../utils/launch/launch.c:825): execvp error on file /storage/home/rabeet/work/nwc/mgbl19/nwtpss/Cl2.xyz.nw (Permission denied)
[proxy:0:0@r8n4.niserhpc.org] HYDU_create_process (../../utils/launch/launch.c:825): execvp error on file /storage/home/rabeet/work/nwc/mgbl19/nwtpss/Cl2.xyz.nw (Permission denied)
[proxy:0:0@r8n4.niserhpc.org] HYDU_create_process (../../utils/launch/launch.c:825): execvp error on file /storage/home/rabeet/work/nwc/mgbl19/nwtpss/CO2.xyz.nw (Permission denied)
[proxy:0:0@r8n4.niserhpc.org] HYDU_create_process (../../utils/launch/launch.c:825): execvp error on file /storage/home/rabeet/work/nwc/mgbl19/nwtpss/CO2.xyz.nw (Permission denied)
[proxy:0:0@r8n4.niserhpc.org] HYDU_create_process (../../utils/launch/launch.c:825): execvp error on file /storage/home/rabeet/work/nwc/mgbl19/nwtpss/CO2.xyz.nw (Permission denied)
[proxy:0:0@r8n4.niserhpc.org] HYDU_create_process (../../utils/launch/launch.c:825): execvp error on file /storage/home/rabeet/work/nwc/mgbl19/nwtpss/CO2.xyz.nw (Permission denied)
[proxy:0:0@r8n4.niserhpc.org] HYDU_create_process (../../utils/launch/launch.c:825): execvp error on file /storage/home/rabeet/work/nwc/mgbl19/nwtpss/CO2.xyz.nw (Permission denied)
[proxy:0:0@r8n4.niserhpc.org] HYDU_create_process (../../utils/launch/launch.c:825): execvp error on file /storage/home/rabeet/work/nwc/mgbl19/nwtpss/CO2.xyz.nw (Permission denied)
[proxy:0:0@r8n4.niserhpc.org] HYDU_create_process (../../utils/launch/launch.c:825): execvp error on file /storage/home/rabeet/work/nwc/mgbl19/nwtpss/CO2.xyz.nw (Permission denied)
[proxy:0:0@r8n4.niserhpc.org] HYDU_create_process (../../utils/launch/launch.c:825): execvp error on file /storage/home/rabeet/work/nwc/mgbl19/nwtpss/CO2.xyz.nw (Permission denied)
[proxy:0:0@r8n4.niserhpc.org] HYDU_create_process (../../utils/launch/launch.c:825): execvp error on file /storage/home/rabeet/work/nwc/mgbl19/nwtpss/CO2.xyz.nw (Permission denied)
[proxy:0:0@r8n4.niserhpc.org] HYDU_create_process (../../utils/launch/launch.c:825): execvp error on file /storage/home/rabeet/work/nwc/mgbl19/nwtpss/CO2.xyz.nw (Permission denied)
[proxy:0:0@r8n4.niserhpc.org] HYDU_create_process (../../utils/launch/launch.c:825): execvp error on file /storage/home/rabeet/work/nwc/mgbl19/nwtpss/CO2.xyz.nw (Permission denied)
[proxy:0:0@r8n4.niserhpc.org] HYDU_create_process (../../utils/launch/launch.c:825): execvp error on file /storage/home/rabeet/work/nwc/mgbl19/nwtpss/CO2.xyz.nw (Permission denied)
[proxy:0:0@r8n4.niserhpc.org] HYDU_create_process (../../utils/launch/launch.c:825): execvp error on file /storage/home/rabeet/work/nwc/mgbl19/nwtpss/CO2.xyz.nw (Permission denied)
[proxy:0:0@r8n4.niserhpc.org] HYDU_create_process (../../utils/launch/launch.c:825): execvp error on file /storage/home/rabeet/work/nwc/mgbl19/nwtpss/CO2.xyz.nw (Permission denied)
[proxy:0:0@r8n4.niserhpc.org] HYDU_create_process (../../utils/launch/launch.c:825): execvp error on file /storage/home/rabeet/work/nwc/mgbl19/nwtpss/CO2.xyz.nw (Permission denied)
[proxy:0:0@r8n4.niserhpc.org] HYDU_create_process (../../utils/launch/launch.c:825): execvp error on file /storage/home/rabeet/work/nwc/mgbl19/nwtpss/CO2.xyz.nw (Permission denied)
[proxy:0:0@r8n4.niserhpc.org] HYDU_create_process (../../utils/launch/launch.c:825): execvp error on file /storage/home/rabeet/work/nwc/mgbl19/nwtpss/CO.xyz.nw (Permission denied)
[proxy:0:0@r8n4.niserhpc.org] HYDU_create_process (../../utils/launch/launch.c:825): execvp error on file /storage/home/rabeet/work/nwc/mgbl19/nwtpss/CO.xyz.nw (Permission denied)
[proxy:0:0@r8n4.niserhpc.org] HYDU_create_process (../../utils/launch/launch.c:825): execvp error on file /storage/home/rabeet/work/nwc/mgbl19/nwtpss/CO.xyz.nw (Permission denied)
[proxy:0:0@r8n4.niserhpc.org] HYDU_create_process (../../utils/launch/launch.c:825): execvp error on file /storage/home/rabeet/work/nwc/mgbl19/nwtpss/CO.xyz.nw (Permission denied)
[proxy:0:0@r8n4.niserhpc.org] HYDU_create_process (../../utils/launch/launch.c:825): execvp error on file /storage/home/rabeet/work/nwc/mgbl19/nwtpss/CO.xyz.nw (Permission denied)
[proxy:0:0@r8n4.niserhpc.org] HYDU_create_process (../../utils/launch/launch.c:825): execvp error on file /storage/home/rabeet/work/nwc/mgbl19/nwtpss/CO.xyz.nw (Permission denied)
[proxy:0:0@r8n4.niserhpc.org] HYDU_create_process (../../utils/launch/launch.c:825): execvp error on file /storage/home/rabeet/work/nwc/mgbl19/nwtpss/CO.xyz.nw (Permission denied)
[proxy:0:0@r8n4.niserhpc.org] HYDU_create_process (../../utils/launch/launch.c:825): execvp error on file /storage/home/rabeet/work/nwc/mgbl19/nwtpss/CO.xyz.nw (Permission denied)
[proxy:0:0@r8n4.niserhpc.org] HYDU_create_process (../../utils/launch/launch.c:825): execvp error on file /storage/home/rabeet/work/nwc/mgbl19/nwtpss/CO.xyz.nw (Permission denied)
[proxy:0:0@r8n4.niserhpc.org] HYDU_create_process (../../utils/launch/launch.c:825): execvp error on file /storage/home/rabeet/work/nwc/mgbl19/nwtpss/CO.xyz.nw (Permission denied)
[proxy:0:0@r8n4.niserhpc.org] HYDU_create_process (../../utils/launch/launch.c:825): execvp error on file /storage/home/rabeet/work/nwc/mgbl19/nwtpss/CO.xyz.nw (Permission denied)
[proxy:0:0@r8n4.niserhpc.org] HYDU_create_process (../../utils/launch/launch.c:825): execvp error on file /storage/home/rabeet/work/nwc/mgbl19/nwtpss/CO.xyz.nw (Permission denied)
[proxy:0:0@r8n4.niserhpc.org] HYDU_create_process (../../utils/launch/launch.c:825): execvp error on file /storage/home/rabeet/work/nwc/mgbl19/nwtpss/CO.xyz.nw (Permission denied)
[proxy:0:0@r8n4.niserhpc.org] HYDU_create_process (../../utils/launch/launch.c:825): execvp error on file /storage/home/rabeet/work/nwc/mgbl19/nwtpss/CO.xyz.nw (Permission denied)
[proxy:0:0@r8n4.niserhpc.org] HYDU_create_process (../../utils/launch/launch.c:825): execvp error on file /storage/home/rabeet/work/nwc/mgbl19/nwtpss/CO.xyz.nw (Permission denied)
[proxy:0:0@r8n4.niserhpc.org] HYDU_create_process (../../utils/launch/launch.c:825): execvp error on file /storage/home/rabeet/work/nwc/mgbl19/nwtpss/CO.xyz.nw (Permission denied)
[proxy:0:0@r8n4.niserhpc.org] HYDU_create_process (../../utils/launch/launch.c:825): execvp error on file /storage/home/rabeet/work/nwc/mgbl19/nwtpss/F2.xyz.nw (Permission denied)
[proxy:0:0@r8n4.niserhpc.org] HYDU_create_process (../../utils/launch/launch.c:825): execvp error on file /storage/home/rabeet/work/nwc/mgbl19/nwtpss/F2.xyz.nw (Permission denied)
[proxy:0:0@r8n4.niserhpc.org] HYDU_create_process (../../utils/launch/launch.c:825): execvp error on file /storage/home/rabeet/work/nwc/mgbl19/nwtpss/F2.xyz.nw (Permission denied)
[proxy:0:0@r8n4.niserhpc.org] HYDU_create_process (../../utils/launch/launch.c:825): execvp error on file /storage/home/rabeet/work/nwc/mgbl19/nwtpss/F2.xyz.nw (Permission denied)
[proxy:0:0@r8n4.niserhpc.org] HYDU_create_process (../../utils/launch/launch.c:825): execvp error on file /storage/home/rabeet/work/nwc/mgbl19/nwtpss/F2.xyz.nw (Permission denied)
[proxy:0:0@r8n4.niserhpc.org] HYDU_create_process (../../utils/launch/launch.c:825): execvp error on file /storage/home/rabeet/work/nwc/mgbl19/nwtpss/F2.xyz.nw (Permission denied)
[proxy:0:0@r8n4.niserhpc.org] HYDU_create_process (../../utils/launch/launch.c:825): execvp error on file /storage/home/rabeet/work/nwc/mgbl19/nwtpss/F2.xyz.nw (Permission denied)
[proxy:0:0@r8n4.niserhpc.org] HYDU_create_process (../../utils/launch/launch.c:825): execvp error on file /storage/home/rabeet/work/nwc/mgbl19/nwtpss/F2.xyz.nw (Permission denied)
[proxy:0:0@r8n4.niserhpc.org] HYDU_create_process (../../utils/launch/launch.c:825): execvp error on file /storage/home/rabeet/work/nwc/mgbl19/nwtpss/F2.xyz.nw (Permission denied)
[proxy:0:0@r8n4.niserhpc.org] HYDU_create_process (../../utils/launch/launch.c:825): execvp error on file /storage/home/rabeet/work/nwc/mgbl19/nwtpss/F2.xyz.nw (Permission denied)
[proxy:0:0@r8n4.niserhpc.org] HYDU_create_process (../../utils/launch/launch.c:825): execvp error on file /storage/home/rabeet/work/nwc/mgbl19/nwtpss/F2.xyz.nw (Permission denied)
[proxy:0:0@r8n4.niserhpc.org] HYDU_create_process (../../utils/launch/launch.c:825): execvp error on file /storage/home/rabeet/work/nwc/mgbl19/nwtpss/F2.xyz.nw (Permission denied)
[proxy:0:0@r8n4.niserhpc.org] HYDU_create_process (../../utils/launch/launch.c:825): execvp error on file /storage/home/rabeet/work/nwc/mgbl19/nwtpss/F2.xyz.nw (Permission denied)
[proxy:0:0@r8n4.niserhpc.org] HYDU_create_process (../../utils/launch/launch.c:825): execvp error on file /storage/home/rabeet/work/nwc/mgbl19/nwtpss/F2.xyz.nw (Permission denied)
[proxy:0:0@r8n4.niserhpc.org] HYDU_create_process (../../utils/launch/launch.c:825): execvp error on file /storage/home/rabeet/work/nwc/mgbl19/nwtpss/F2.xyz.nw (Permission denied)
[proxy:0:0@r8n4.niserhpc.org] HYDU_create_process (../../utils/launch/launch.c:825): execvp error on file /storage/home/rabeet/work/nwc/mgbl19/nwtpss/F2.xyz.nw (Permission denied)
[proxy:0:0@r8n4.niserhpc.org] HYDU_create_process (../../utils/launch/launch.c:825): execvp error on file /storage/home/rabeet/work/nwc/mgbl19/nwtpss/H2CO.xyz.nw (Permission denied)
[proxy:0:0@r8n4.niserhpc.org] HYDU_create_process (../../utils/launch/launch.c:825): execvp error on file /storage/home/rabeet/work/nwc/mgbl19/nwtpss/H2CO.xyz.nw (Permission denied)
[proxy:0:0@r8n4.niserhpc.org] HYDU_create_process (../../utils/launch/launch.c:825): execvp error on file /storage/home/rabeet/work/nwc/mgbl19/nwtpss/H2CO.xyz.nw (Permission denied)
[proxy:0:0@r8n4.niserhpc.org] HYDU_create_process (../../utils/launch/launch.c:825): execvp error on file /storage/home/rabeet/work/nwc/mgbl19/nwtpss/H2CO.xyz.nw (Permission denied)
[proxy:0:0@r8n4.niserhpc.org] HYDU_create_process (../../utils/launch/launch.c:825): execvp error on file /storage/home/rabeet/work/nwc/mgbl19/nwtpss/H2CO.xyz.nw (Permission denied)
[proxy:0:0@r8n4.niserhpc.org] HYDU_create_process (../../utils/launch/launch.c:825): execvp error on file /storage/home/rabeet/work/nwc/mgbl19/nwtpss/H2CO.xyz.nw (Permission denied)
[proxy:0:0@r8n4.niserhpc.org] HYDU_create_process (../../utils/launch/launch.c:825): execvp error on file /storage/home/rabeet/work/nwc/mgbl19/nwtpss/H2CO.xyz.nw (Permission denied)
[proxy:0:0@r8n4.niserhpc.org] HYDU_create_process (../../utils/launch/launch.c:825): execvp error on file /storage/home/rabeet/work/nwc/mgbl19/nwtpss/H2CO.xyz.nw (Permission denied)
[proxy:0:0@r8n4.niserhpc.org] HYDU_create_process (../../utils/launch/launch.c:825): execvp error on file /storage/home/rabeet/work/nwc/mgbl19/nwtpss/H2CO.xyz.nw (Permission denied)
[proxy:0:0@r8n4.niserhpc.org] HYDU_create_process (../../utils/launch/launch.c:825): execvp error on file /storage/home/rabeet/work/nwc/mgbl19/nwtpss/H2CO.xyz.nw (Permission denied)
[proxy:0:0@r8n4.niserhpc.org] HYDU_create_process (../../utils/launch/launch.c:825): execvp error on file /storage/home/rabeet/work/nwc/mgbl19/nwtpss/H2CO.xyz.nw (Permission denied)
[proxy:0:0@r8n4.niserhpc.org] HYDU_create_process (../../utils/launch/launch.c:825): execvp error on file /storage/home/rabeet/work/nwc/mgbl19/nwtpss/H2CO.xyz.nw (Permission denied)
[proxy:0:0@r8n4.niserhpc.org] HYDU_create_process (../../utils/launch/launch.c:825): execvp error on file /storage/home/rabeet/work/nwc/mgbl19/nwtpss/H2CO.xyz.nw (Permission denied)
[proxy:0:0@r8n4.niserhpc.org] HYDU_create_process (../../utils/launch/launch.c:825): execvp error on file /storage/home/rabeet/work/nwc/mgbl19/nwtpss/H2CO.xyz.nw (Permission denied)
[proxy:0:0@r8n4.niserhpc.org] HYDU_create_process (../../utils/launch/launch.c:825): execvp error on file /storage/home/rabeet/work/nwc/mgbl19/nwtpss/H2CO.xyz.nw (Permission denied)
[proxy:0:0@r8n4.niserhpc.org] HYDU_create_process (../../utils/launch/launch.c:825): execvp error on file /storage/home/rabeet/work/nwc/mgbl19/nwtpss/H2CO.xyz.nw (Permission denied)
[proxy:0:0@r8n4.niserhpc.org] HYDU_create_process (../../utils/launch/launch.c:825): execvp error on file /storage/home/rabeet/work/nwc/mgbl19/nwtpss/H2O.xyz.nw (Permission denied)
[proxy:0:0@r8n4.niserhpc.org] HYDU_create_process (../../utils/launch/launch.c:825): execvp error on file /storage/home/rabeet/work/nwc/mgbl19/nwtpss/H2O.xyz.nw (Permission denied)
[proxy:0:0@r8n4.niserhpc.org] HYDU_create_process (../../utils/launch/launch.c:825): execvp error on file /storage/home/rabeet/work/nwc/mgbl19/nwtpss/H2O.xyz.nw (Permission denied)
[proxy:0:0@r8n4.niserhpc.org] HYDU_create_process (../../utils/launch/launch.c:825): execvp error on file /storage/home/rabeet/work/nwc/mgbl19/nwtpss/H2O.xyz.nw (Permission denied)
[proxy:0:0@r8n4.niserhpc.org] HYDU_create_process (../../utils/launch/launch.c:825): execvp error on file /storage/home/rabeet/work/nwc/mgbl19/nwtpss/H2O.xyz.nw (Permission denied)
[proxy:0:0@r8n4.niserhpc.org] HYDU_create_process (../../utils/launch/launch.c:825): execvp error on file /storage/home/rabeet/work/nwc/mgbl19/nwtpss/H2O.xyz.nw (Permission denied)
[proxy:0:0@r8n4.niserhpc.org] HYDU_create_process (../../utils/launch/launch.c:825): execvp error on file /storage/home/rabeet/work/nwc/mgbl19/nwtpss/H2O.xyz.nw (Permission denied)
[proxy:0:0@r8n4.niserhpc.org] HYDU_create_process (../../utils/launch/launch.c:825): execvp error on file /storage/home/rabeet/work/nwc/mgbl19/nwtpss/H2O.xyz.nw (Permission denied)
[proxy:0:0@r8n4.niserhpc.org] HYDU_create_process (../../utils/launch/launch.c:825): execvp error on file /storage/home/rabeet/work/nwc/mgbl19/nwtpss/H2O.xyz.nw (Permission denied)
[proxy:0:0@r8n4.niserhpc.org] HYDU_create_process (../../utils/launch/launch.c:825): execvp error on file /storage/home/rabeet/work/nwc/mgbl19/nwtpss/H2O.xyz.nw (Permission denied)
[proxy:0:0@r8n4.niserhpc.org] HYDU_create_process (../../utils/launch/launch.c:825): execvp error on file /storage/home/rabeet/work/nwc/mgbl19/nwtpss/H2O.xyz.nw (Permission denied)
[proxy:0:0@r8n4.niserhpc.org] HYDU_create_process (../../utils/launch/launch.c:825): execvp error on file /storage/home/rabeet/work/nwc/mgbl19/nwtpss/H2O.xyz.nw (Permission denied)
[proxy:0:0@r8n4.niserhpc.org] HYDU_create_process (../../utils/launch/launch.c:825): execvp error on file /storage/home/rabeet/work/nwc/mgbl19/nwtpss/H2O.xyz.nw (Permission denied)
[proxy:0:0@r8n4.niserhpc.org] HYDU_create_process (../../utils/launch/launch.c:825): execvp error on file /storage/home/rabeet/work/nwc/mgbl19/nwtpss/H2O.xyz.nw (Permission denied)
[proxy:0:0@r8n4.niserhpc.org] HYDU_create_process (../../utils/launch/launch.c:825): execvp error on file /storage/home/rabeet/work/nwc/mgbl19/nwtpss/H2O.xyz.nw (Permission denied)
[proxy:0:0@r8n4.niserhpc.org] HYDU_create_process (../../utils/launch/launch.c:825): execvp error on file /storage/home/rabeet/work/nwc/mgbl19/nwtpss/H2O.xyz.nw (Permission denied)
[proxy:0:0@r8n4.niserhpc.org] HYDU_create_process (../../utils/launch/launch.c:825): execvp error on file /storage/home/rabeet/work/nwc/mgbl19/nwtpss/H2.xyz.nw (Permission denied)
[proxy:0:0@r8n4.niserhpc.org] HYDU_create_process (../../utils/launch/launch.c:825): execvp error on file /storage/home/rabeet/work/nwc/mgbl19/nwtpss/H2.xyz.nw (Permission denied)
[proxy:0:0@r8n4.niserhpc.org] HYDU_create_process (../../utils/launch/launch.c:825): execvp error on file /storage/home/rabeet/work/nwc/mgbl19/nwtpss/H2.xyz.nw (Permission denied)
[proxy:0:0@r8n4.niserhpc.org] HYDU_create_process (../../utils/launch/launch.c:825): execvp error on file /storage/home/rabeet/work/nwc/mgbl19/nwtpss/H2.xyz.nw (Permission denied)
[proxy:0:0@r8n4.niserhpc.org] HYDU_create_process (../../utils/launch/launch.c:825): execvp error on file /storage/home/rabeet/work/nwc/mgbl19/nwtpss/H2.xyz.nw (Permission denied)
[proxy:0:0@r8n4.niserhpc.org] HYDU_create_process (../../utils/launch/launch.c:825): execvp error on file /storage/home/rabeet/work/nwc/mgbl19/nwtpss/H2.xyz.nw (Permission denied)
[proxy:0:0@r8n4.niserhpc.org] HYDU_create_process (../../utils/launch/launch.c:825): execvp error on file /storage/home/rabeet/work/nwc/mgbl19/nwtpss/H2.xyz.nw (Permission denied)
[proxy:0:0@r8n4.niserhpc.org] HYDU_create_process (../../utils/launch/launch.c:825): execvp error on file /storage/home/rabeet/work/nwc/mgbl19/nwtpss/H2.xyz.nw (Permission denied)
[proxy:0:0@r8n4.niserhpc.org] HYDU_create_process (../../utils/launch/launch.c:825): execvp error on file /storage/home/rabeet/work/nwc/mgbl19/nwtpss/H2.xyz.nw (Permission denied)
[proxy:0:0@r8n4.niserhpc.org] HYDU_create_process (../../utils/launch/launch.c:825): execvp error on file /storage/home/rabeet/work/nwc/mgbl19/nwtpss/H2.xyz.nw (Permission denied)
[proxy:0:0@r8n4.niserhpc.org] HYDU_create_process (../../utils/launch/launch.c:825): execvp error on file /storage/home/rabeet/work/nwc/mgbl19/nwtpss/H2.xyz.nw (Permission denied)
[proxy:0:0@r8n4.niserhpc.org] HYDU_create_process (../../utils/launch/launch.c:825): execvp error on file /storage/home/rabeet/work/nwc/mgbl19/nwtpss/H2.xyz.nw (Permission denied)
[proxy:0:0@r8n4.niserhpc.org] HYDU_create_process (../../utils/launch/launch.c:825): execvp error on file /storage/home/rabeet/work/nwc/mgbl19/nwtpss/H2.xyz.nw (Permission denied)
[proxy:0:0@r8n4.niserhpc.org] HYDU_create_process (../../utils/launch/launch.c:825): execvp error on file /storage/home/rabeet/work/nwc/mgbl19/nwtpss/H2.xyz.nw (Permission denied)
[proxy:0:0@r8n4.niserhpc.org] HYDU_create_process (../../utils/launch/launch.c:825): execvp error on file /storage/home/rabeet/work/nwc/mgbl19/nwtpss/H2.xyz.nw (Permission denied)
[proxy:0:0@r8n4.niserhpc.org] HYDU_create_process (../../utils/launch/launch.c:825): execvp error on file /storage/home/rabeet/work/nwc/mgbl19/nwtpss/H2.xyz.nw (Permission denied)
[proxy:0:0@r8n4.niserhpc.org] HYDU_create_process (../../utils/launch/launch.c:825): execvp error on file /storage/home/rabeet/work/nwc/mgbl19/nwtpss/HCN.xyz.nw (Permission denied)
[proxy:0:0@r8n4.niserhpc.org] HYDU_create_process (../../utils/launch/launch.c:825): execvp error on file /storage/home/rabeet/work/nwc/mgbl19/nwtpss/HCN.xyz.nw (Permission denied)
[proxy:0:0@r8n4.niserhpc.org] HYDU_create_process (../../utils/launch/launch.c:825): execvp error on file /storage/home/rabeet/work/nwc/mgbl19/nwtpss/HCN.xyz.nw (Permission denied)
[proxy:0:0@r8n4.niserhpc.org] HYDU_create_process (../../utils/launch/launch.c:825): execvp error on file /storage/home/rabeet/work/nwc/mgbl19/nwtpss/HCN.xyz.nw (Permission denied)
[proxy:0:0@r8n4.niserhpc.org] HYDU_create_process (../../utils/launch/launch.c:825): execvp error on file /storage/home/rabeet/work/nwc/mgbl19/nwtpss/HCN.xyz.nw (Permission denied)
[proxy:0:0@r8n4.niserhpc.org] HYDU_create_process (../../utils/launch/launch.c:825): execvp error on file /storage/home/rabeet/work/nwc/mgbl19/nwtpss/HCN.xyz.nw (Permission denied)
[proxy:0:0@r8n4.niserhpc.org] HYDU_create_process (../../utils/launch/launch.c:825): execvp error on file /storage/home/rabeet/work/nwc/mgbl19/nwtpss/HCN.xyz.nw (Permission denied)
[proxy:0:0@r8n4.niserhpc.org] HYDU_create_process (../../utils/launch/launch.c:825): execvp error on file /storage/home/rabeet/work/nwc/mgbl19/nwtpss/HCN.xyz.nw (Permission denied)
[proxy:0:0@r8n4.niserhpc.org] HYDU_create_process (../../utils/launch/launch.c:825): execvp error on file /storage/home/rabeet/work/nwc/mgbl19/nwtpss/HCN.xyz.nw (Permission denied)
[proxy:0:0@r8n4.niserhpc.org] HYDU_create_process (../../utils/launch/launch.c:825): execvp error on file /storage/home/rabeet/work/nwc/mgbl19/nwtpss/HCN.xyz.nw (Permission denied)
[proxy:0:0@r8n4.niserhpc.org] HYDU_create_process (../../utils/launch/launch.c:825): execvp error on file /storage/home/rabeet/work/nwc/mgbl19/nwtpss/HCN.xyz.nw (Permission denied)
[proxy:0:0@r8n4.niserhpc.org] HYDU_create_process (../../utils/launch/launch.c:825): execvp error on file /storage/home/rabeet/work/nwc/mgbl19/nwtpss/HCN.xyz.nw (Permission denied)
[proxy:0:0@r8n4.niserhpc.org] HYDU_create_process (../../utils/launch/launch.c:825): execvp error on file /storage/home/rabeet/work/nwc/mgbl19/nwtpss/HCN.xyz.nw (Permission denied)
[proxy:0:0@r8n4.niserhpc.org] HYDU_create_process (../../utils/launch/launch.c:825): execvp error on file /storage/home/rabeet/work/nwc/mgbl19/nwtpss/HCN.xyz.nw (Permission denied)
[proxy:0:0@r8n4.niserhpc.org] HYDU_create_process (../../utils/launch/launch.c:825): execvp error on file /storage/home/rabeet/work/nwc/mgbl19/nwtpss/HCN.xyz.nw (Permission denied)
[proxy:0:0@r8n4.niserhpc.org] HYDU_create_process (../../utils/launch/launch.c:825): execvp error on file /storage/home/rabeet/work/nwc/mgbl19/nwtpss/HCN.xyz.nw (Permission denied)
[proxy:0:0@r8n4.niserhpc.org] HYDU_create_process (../../utils/launch/launch.c:825): execvp error on file /storage/home/rabeet/work/nwc/mgbl19/nwtpss/HF.xyz.nw (Permission denied)
[proxy:0:0@r8n4.niserhpc.org] HYDU_create_process (../../utils/launch/launch.c:825): execvp error on file /storage/home/rabeet/work/nwc/mgbl19/nwtpss/HF.xyz.nw (Permission denied)
[proxy:0:0@r8n4.niserhpc.org] HYDU_create_process (../../utils/launch/launch.c:825): execvp error on file /storage/home/rabeet/work/nwc/mgbl19/nwtpss/HF.xyz.nw (Permission denied)
[proxy:0:0@r8n4.niserhpc.org] HYDU_create_process (../../utils/launch/launch.c:825): execvp error on file /storage/home/rabeet/work/nwc/mgbl19/nwtpss/HF.xyz.nw (Permission denied)
[proxy:0:0@r8n4.niserhpc.org] HYDU_create_process (../../utils/launch/launch.c:825): execvp error on file /storage/home/rabeet/work/nwc/mgbl19/nwtpss/HF.xyz.nw (Permission denied)
[proxy:0:0@r8n4.niserhpc.org] HYDU_create_process (../../utils/launch/launch.c:825): execvp error on file /storage/home/rabeet/work/nwc/mgbl19/nwtpss/HF.xyz.nw (Permission denied)
[proxy:0:0@r8n4.niserhpc.org] HYDU_create_process (../../utils/launch/launch.c:825): execvp error on file /storage/home/rabeet/work/nwc/mgbl19/nwtpss/HF.xyz.nw (Permission denied)
[proxy:0:0@r8n4.niserhpc.org] HYDU_create_process (../../utils/launch/launch.c:825): execvp error on file /storage/home/rabeet/work/nwc/mgbl19/nwtpss/HF.xyz.nw (Permission denied)
[proxy:0:0@r8n4.niserhpc.org] HYDU_create_process (../../utils/launch/launch.c:825): execvp error on file /storage/home/rabeet/work/nwc/mgbl19/nwtpss/HF.xyz.nw (Permission denied)
[proxy:0:0@r8n4.niserhpc.org] HYDU_create_process (../../utils/launch/launch.c:825): execvp error on file /storage/home/rabeet/work/nwc/mgbl19/nwtpss/HF.xyz.nw (Permission denied)
[proxy:0:0@r8n4.niserhpc.org] HYDU_create_process (../../utils/launch/launch.c:825): execvp error on file /storage/home/rabeet/work/nwc/mgbl19/nwtpss/HF.xyz.nw (Permission denied)
[proxy:0:0@r8n4.niserhpc.org] HYDU_create_process (../../utils/launch/launch.c:825): execvp error on file /storage/home/rabeet/work/nwc/mgbl19/nwtpss/HF.xyz.nw (Permission denied)
[proxy:0:0@r8n4.niserhpc.org] HYDU_create_process (../../utils/launch/launch.c:825): execvp error on file /storage/home/rabeet/work/nwc/mgbl19/nwtpss/HF.xyz.nw (Permission denied)
[proxy:0:0@r8n4.niserhpc.org] HYDU_create_process (../../utils/launch/launch.c:825): execvp error on file /storage/home/rabeet/work/nwc/mgbl19/nwtpss/HF.xyz.nw (Permission denied)
[proxy:0:0@r8n4.niserhpc.org] HYDU_create_process (../../utils/launch/launch.c:825): execvp error on file /storage/home/rabeet/work/nwc/mgbl19/nwtpss/HF.xyz.nw (Permission denied)
[proxy:0:0@r8n4.niserhpc.org] HYDU_create_process (../../utils/launch/launch.c:825): execvp error on file /storage/home/rabeet/work/nwc/mgbl19/nwtpss/HF.xyz.nw (Permission denied)
[proxy:0:0@r8n4.niserhpc.org] HYDU_create_process (../../utils/launch/launch.c:825): execvp error on file /storage/home/rabeet/work/nwc/mgbl19/nwtpss/N2O.xyz.nw (Permission denied)
[proxy:0:0@r8n4.niserhpc.org] HYDU_create_process (../../utils/launch/launch.c:825): execvp error on file /storage/home/rabeet/work/nwc/mgbl19/nwtpss/N2O.xyz.nw (Permission denied)
[proxy:0:0@r8n4.niserhpc.org] HYDU_create_process (../../utils/launch/launch.c:825): execvp error on file /storage/home/rabeet/work/nwc/mgbl19/nwtpss/N2O.xyz.nw (Permission denied)
[proxy:0:0@r8n4.niserhpc.org] HYDU_create_process (../../utils/launch/launch.c:825): execvp error on file /storage/home/rabeet/work/nwc/mgbl19/nwtpss/N2O.xyz.nw (Permission denied)
[proxy:0:0@r8n4.niserhpc.org] HYDU_create_process (../../utils/launch/launch.c:825): execvp error on file /storage/home/rabeet/work/nwc/mgbl19/nwtpss/N2O.xyz.nw (Permission denied)
[proxy:0:0@r8n4.niserhpc.org] HYDU_create_process (../../utils/launch/launch.c:825): execvp error on file /storage/home/rabeet/work/nwc/mgbl19/nwtpss/N2O.xyz.nw (Permission denied)
[proxy:0:0@r8n4.niserhpc.org] HYDU_create_process (../../utils/launch/launch.c:825): execvp error on file /storage/home/rabeet/work/nwc/mgbl19/nwtpss/N2O.xyz.nw (Permission denied)
[proxy:0:0@r8n4.niserhpc.org] HYDU_create_process (../../utils/launch/launch.c:825): execvp error on file /storage/home/rabeet/work/nwc/mgbl19/nwtpss/N2O.xyz.nw (Permission denied)
[proxy:0:0@r8n4.niserhpc.org] HYDU_create_process (../../utils/launch/launch.c:825): execvp error on file /storage/home/rabeet/work/nwc/mgbl19/nwtpss/N2O.xyz.nw (Permission denied)
[proxy:0:0@r8n4.niserhpc.org] HYDU_create_process (../../utils/launch/launch.c:825): execvp error on file /storage/home/rabeet/work/nwc/mgbl19/nwtpss/N2O.xyz.nw (Permission denied)
[proxy:0:0@r8n4.niserhpc.org] HYDU_create_process (../../utils/launch/launch.c:825): execvp error on file /storage/home/rabeet/work/nwc/mgbl19/nwtpss/N2O.xyz.nw (Permission denied)
[proxy:0:0@r8n4.niserhpc.org] HYDU_create_process (../../utils/launch/launch.c:825): execvp error on file /storage/home/rabeet/work/nwc/mgbl19/nwtpss/N2O.xyz.nw (Permission denied)
[proxy:0:0@r8n4.niserhpc.org] HYDU_create_process (../../utils/launch/launch.c:825): execvp error on file /storage/home/rabeet/work/nwc/mgbl19/nwtpss/N2O.xyz.nw (Permission denied)
[proxy:0:0@r8n4.niserhpc.org] HYDU_create_process (../../utils/launch/launch.c:825): execvp error on file /storage/home/rabeet/work/nwc/mgbl19/nwtpss/N2O.xyz.nw (Permission denied)
[proxy:0:0@r8n4.niserhpc.org] HYDU_create_process (../../utils/launch/launch.c:825): execvp error on file /storage/home/rabeet/work/nwc/mgbl19/nwtpss/N2O.xyz.nw (Permission denied)
[proxy:0:0@r8n4.niserhpc.org] HYDU_create_process (../../utils/launch/launch.c:825): execvp error on file /storage/home/rabeet/work/nwc/mgbl19/nwtpss/N2O.xyz.nw (Permission denied)
[proxy:0:0@r8n4.niserhpc.org] HYDU_create_process (../../utils/launch/launch.c:825): execvp error on file /storage/home/rabeet/work/nwc/mgbl19/nwtpss/N2.xyz.nw (Permission denied)
[proxy:0:0@r8n4.niserhpc.org] HYDU_create_process (../../utils/launch/launch.c:825): execvp error on file /storage/home/rabeet/work/nwc/mgbl19/nwtpss/N2.xyz.nw (Permission denied)
[proxy:0:0@r8n4.niserhpc.org] HYDU_create_process (../../utils/launch/launch.c:825): execvp error on file /storage/home/rabeet/work/nwc/mgbl19/nwtpss/N2.xyz.nw (Permission denied)
[proxy:0:0@r8n4.niserhpc.org] HYDU_create_process (../../utils/launch/launch.c:825): execvp error on file /storage/home/rabeet/work/nwc/mgbl19/nwtpss/N2.xyz.nw (Permission denied)
[proxy:0:0@r8n4.niserhpc.org] HYDU_create_process (../../utils/launch/launch.c:825): execvp error on file /storage/home/rabeet/work/nwc/mgbl19/nwtpss/N2.xyz.nw (Permission denied)
[proxy:0:0@r8n4.niserhpc.org] HYDU_create_process (../../utils/launch/launch.c:825): execvp error on file /storage/home/rabeet/work/nwc/mgbl19/nwtpss/N2.xyz.nw (Permission denied)
[proxy:0:0@r8n4.niserhpc.org] HYDU_create_process (../../utils/launch/launch.c:825): execvp error on file /storage/home/rabeet/work/nwc/mgbl19/nwtpss/N2.xyz.nw (Permission denied)
[proxy:0:0@r8n4.niserhpc.org] HYDU_create_process (../../utils/launch/launch.c:825): execvp error on file /storage/home/rabeet/work/nwc/mgbl19/nwtpss/N2.xyz.nw (Permission denied)
[proxy:0:0@r8n4.niserhpc.org] HYDU_create_process (../../utils/launch/launch.c:825): execvp error on file /storage/home/rabeet/work/nwc/mgbl19/nwtpss/N2.xyz.nw (Permission denied)
[proxy:0:0@r8n4.niserhpc.org] HYDU_create_process (../../utils/launch/launch.c:825): execvp error on file /storage/home/rabeet/work/nwc/mgbl19/nwtpss/N2.xyz.nw (Permission denied)
[proxy:0:0@r8n4.niserhpc.org] HYDU_create_process (../../utils/launch/launch.c:825): execvp error on file /storage/home/rabeet/work/nwc/mgbl19/nwtpss/N2.xyz.nw (Permission denied)
[proxy:0:0@r8n4.niserhpc.org] HYDU_create_process (../../utils/launch/launch.c:825): execvp error on file /storage/home/rabeet/work/nwc/mgbl19/nwtpss/N2.xyz.nw (Permission denied)
[proxy:0:0@r8n4.niserhpc.org] HYDU_create_process (../../utils/launch/launch.c:825): execvp error on file /storage/home/rabeet/work/nwc/mgbl19/nwtpss/N2.xyz.nw (Permission denied)
[proxy:0:0@r8n4.niserhpc.org] HYDU_create_process (../../utils/launch/launch.c:825): execvp error on file /storage/home/rabeet/work/nwc/mgbl19/nwtpss/N2.xyz.nw (Permission denied)
[proxy:0:0@r8n4.niserhpc.org] HYDU_create_process (../../utils/launch/launch.c:825): execvp error on file /storage/home/rabeet/work/nwc/mgbl19/nwtpss/N2.xyz.nw (Permission denied)
[proxy:0:0@r8n4.niserhpc.org] HYDU_create_process (../../utils/launch/launch.c:825): execvp error on file /storage/home/rabeet/work/nwc/mgbl19/nwtpss/N2.xyz.nw (Permission denied)
[proxy:0:0@r8n4.niserhpc.org] HYDU_create_process (../../utils/launch/launch.c:825): execvp error on file /storage/home/rabeet/work/nwc/mgbl19/nwtpss/NH.xyz.nw (Permission denied)
[proxy:0:0@r8n4.niserhpc.org] HYDU_create_process (../../utils/launch/launch.c:825): execvp error on file /storage/home/rabeet/work/nwc/mgbl19/nwtpss/NH.xyz.nw (Permission denied)
[proxy:0:0@r8n4.niserhpc.org] HYDU_create_process (../../utils/launch/launch.c:825): execvp error on file /storage/home/rabeet/work/nwc/mgbl19/nwtpss/NH.xyz.nw (Permission denied)
[proxy:0:0@r8n4.niserhpc.org] HYDU_create_process (../../utils/launch/launch.c:825): execvp error on file /storage/home/rabeet/work/nwc/mgbl19/nwtpss/NH.xyz.nw (Permission denied)
[proxy:0:0@r8n4.niserhpc.org] HYDU_create_process (../../utils/launch/launch.c:825): execvp error on file /storage/home/rabeet/work/nwc/mgbl19/nwtpss/NH.xyz.nw (Permission denied)
[proxy:0:0@r8n4.niserhpc.org] HYDU_create_process (../../utils/launch/launch.c:825): execvp error on file /storage/home/rabeet/work/nwc/mgbl19/nwtpss/NH.xyz.nw (Permission denied)
[proxy:0:0@r8n4.niserhpc.org] HYDU_create_process (../../utils/launch/launch.c:825): execvp error on file /storage/home/rabeet/work/nwc/mgbl19/nwtpss/NH.xyz.nw (Permission denied)
[proxy:0:0@r8n4.niserhpc.org] HYDU_create_process (../../utils/launch/launch.c:825): execvp error on file /storage/home/rabeet/work/nwc/mgbl19/nwtpss/NH.xyz.nw (Permission denied)
[proxy:0:0@r8n4.niserhpc.org] HYDU_create_process (../../utils/launch/launch.c:825): execvp error on file /storage/home/rabeet/work/nwc/mgbl19/nwtpss/NH.xyz.nw (Permission denied)
[proxy:0:0@r8n4.niserhpc.org] HYDU_create_process (../../utils/launch/launch.c:825): execvp error on file /storage/home/rabeet/work/nwc/mgbl19/nwtpss/NH.xyz.nw (Permission denied)
[proxy:0:0@r8n4.niserhpc.org] HYDU_create_process (../../utils/launch/launch.c:825): execvp error on file /storage/home/rabeet/work/nwc/mgbl19/nwtpss/NH.xyz.nw (Permission denied)
[proxy:0:0@r8n4.niserhpc.org] HYDU_create_process (../../utils/launch/launch.c:825): execvp error on file /storage/home/rabeet/work/nwc/mgbl19/nwtpss/NH.xyz.nw (Permission denied)
[proxy:0:0@r8n4.niserhpc.org] HYDU_create_process (../../utils/launch/launch.c:825): execvp error on file /storage/home/rabeet/work/nwc/mgbl19/nwtpss/NH.xyz.nw (Permission denied)
[proxy:0:0@r8n4.niserhpc.org] HYDU_create_process (../../utils/launch/launch.c:825): execvp error on file /storage/home/rabeet/work/nwc/mgbl19/nwtpss/NH.xyz.nw (Permission denied)
[proxy:0:0@r8n4.niserhpc.org] HYDU_create_process (../../utils/launch/launch.c:825): execvp error on file /storage/home/rabeet/work/nwc/mgbl19/nwtpss/NH.xyz.nw (Permission denied)
[proxy:0:0@r8n4.niserhpc.org] HYDU_create_process (../../utils/launch/launch.c:825): execvp error on file /storage/home/rabeet/work/nwc/mgbl19/nwtpss/NH.xyz.nw (Permission denied)
[proxy:0:0@r8n4.niserhpc.org] HYDU_create_process (../../utils/launch/launch.c:825): execvp error on file /storage/home/rabeet/work/nwc/mgbl19/nwtpss/OH.xyz.nw (Permission denied)
[proxy:0:0@r8n4.niserhpc.org] HYDU_create_process (../../utils/launch/launch.c:825): execvp error on file /storage/home/rabeet/work/nwc/mgbl19/nwtpss/OH.xyz.nw (Permission denied)
[proxy:0:0@r8n4.niserhpc.org] HYDU_create_process (../../utils/launch/launch.c:825): execvp error on file /storage/home/rabeet/work/nwc/mgbl19/nwtpss/OH.xyz.nw (Permission denied)
[proxy:0:0@r8n4.niserhpc.org] HYDU_create_process (../../utils/launch/launch.c:825): execvp error on file /storage/home/rabeet/work/nwc/mgbl19/nwtpss/OH.xyz.nw (Permission denied)
[proxy:0:0@r8n4.niserhpc.org] HYDU_create_process (../../utils/launch/launch.c:825): execvp error on file /storage/home/rabeet/work/nwc/mgbl19/nwtpss/OH.xyz.nw (Permission denied)
[proxy:0:0@r8n4.niserhpc.org] HYDU_create_process (../../utils/launch/launch.c:825): execvp error on file /storage/home/rabeet/work/nwc/mgbl19/nwtpss/OH.xyz.nw (Permission denied)
[proxy:0:0@r8n4.niserhpc.org] HYDU_create_process (../../utils/launch/launch.c:825): execvp error on file /storage/home/rabeet/work/nwc/mgbl19/nwtpss/OH.xyz.nw (Permission denied)
[proxy:0:0@r8n4.niserhpc.org] HYDU_create_process (../../utils/launch/launch.c:825): execvp error on file /storage/home/rabeet/work/nwc/mgbl19/nwtpss/OH.xyz.nw (Permission denied)
[proxy:0:0@r8n4.niserhpc.org] HYDU_create_process (../../utils/launch/launch.c:825): execvp error on file /storage/home/rabeet/work/nwc/mgbl19/nwtpss/OH.xyz.nw (Permission denied)
[proxy:0:0@r8n4.niserhpc.org] HYDU_create_process (../../utils/launch/launch.c:825): execvp error on file /storage/home/rabeet/work/nwc/mgbl19/nwtpss/OH.xyz.nw (Permission denied)
[proxy:0:0@r8n4.niserhpc.org] HYDU_create_process (../../utils/launch/launch.c:825): execvp error on file /storage/home/rabeet/work/nwc/mgbl19/nwtpss/OH.xyz.nw (Permission denied)
[proxy:0:0@r8n4.niserhpc.org] HYDU_create_process (../../utils/launch/launch.c:825): execvp error on file /storage/home/rabeet/work/nwc/mgbl19/nwtpss/OH.xyz.nw (Permission denied)
[proxy:0:0@r8n4.niserhpc.org] HYDU_create_process (../../utils/launch/launch.c:825): execvp error on file /storage/home/rabeet/work/nwc/mgbl19/nwtpss/OH.xyz.nw (Permission denied)
[proxy:0:0@r8n4.niserhpc.org] HYDU_create_process (../../utils/launch/launch.c:825): execvp error on file /storage/home/rabeet/work/nwc/mgbl19/nwtpss/OH.xyz.nw (Permission denied)
[proxy:0:0@r8n4.niserhpc.org] HYDU_create_process (../../utils/launch/launch.c:825): execvp error on file /storage/home/rabeet/work/nwc/mgbl19/nwtpss/OH.xyz.nw (Permission denied)
[proxy:0:0@r8n4.niserhpc.org] HYDU_create_process (../../utils/launch/launch.c:825): execvp error on file /storage/home/rabeet/work/nwc/mgbl19/nwtpss/OH.xyz.nw (Permission denied)
